

		보안 점검 보고서
===============================================================================
	점검실행 유저명    		: administrator
	점검대상 구분   		: Windows Server 2008 R2 Service Pack 1 64bit
	점검대상 Host명   		: LITDECM04GMP
	점검대상 (Real)Host명   : LITDECM04GMP
	점검 CLOUD 형태    		: N
	점검대상 IP      		: 10.14.50.149;10.10.10.7;169.254.3.109;
                      169.254.95.120;10.14.50.31;10.14.50.66;
                      10.14.50.67;
	감사 프로그램 버전   	: 2.0.15.8(정기)
===============================================================================
------------------------------[점검결과 리스트]--------------------------------
OS-WIN-A-1010. [필수] Guest 계정의 비활성화                                       	[PASS]
OS-WIN-A-1020. [권고] Default Administrator 계정 이름 변경                        	[PASS]
OS-WIN-A-1030. [필수] 관리자 그룹에 최소한의 사용자 포함                          	[PASS]
OS-WIN-A-1040. [필수] 계정잠금 임계값 설정                                        	[PASS]

OS-WIN-A-2010. [권고] 계정암호 기록개수 설정                                      	[PASS]
OS-WIN-A-2020. [필수] 계정암호 최소길이 설정                                      	[PASS]
OS-WIN-A-2030. [필수] 취약한 암호 사용중인 계정 존재                              	[PASS<미점검>]
OS-WIN-A-2040. [필수] 암호복잡성 사용 설정                                        	[PASS]
OS-WIN-A-2050. [필수] 해독 가능한 암호화 설정 제한                                	[PASS]
OS-WIN-A-2060. [필수] 만기될 패스워드 경고 설정                                   	[PASS]
OS-WIN-A-2070. [권고] 패스워드 최대최소 사용기간                                  	[PASS]
OS-WIN-A-2080. [필수] 암호 사용 기간 제한없음 제거                                	[PASS]

OS-WIN-A-3010. [필수] 파일 및 디렉토리보호 설정                                   	[PASS]
OS-WIN-A-3020. [필수] SAM파일 접근통제 설정                                       	[PASS]
OS-WIN-A-3030. [권고] 사용자 홈디렉터리 접근 제한                                 	[PASS]
OS-WIN-A-3040. [필수] 하드 디스크 기본 공유 제거                                  	[Fail]
OS-WIN-A-3050. [필수] 공유 권한 및 사용자 그룹 설정                               	[Fail]
OS-WIN-A-3060. [필수] 이동식 미디어 포맷 및 꺼내기 허용                           	[PASS]

OS-WIN-A-4010. [필수] 불필요한 서비스 제거                                        	[PASS]
OS-WIN-A-4019. [권고] FTP 서비스 구동 점검                                        	[PASS]
OS-WIN-A-4020. [필수] FTP 서비스-Anonymous 접근                                   	[PASS]
OS-WIN-A-4021. [필수] FTP 디렉토리 접근권한 설정                                  	[PASS]
OS-WIN-A-4022. [필수] FTP 접근제어 설정                                           	[PASS]
OS-WIN-A-4030. [권고] 터미널 서비스 설정                                          	[PASS]
OS-WIN-A-4040. [권고] DNS서비스 구동여부                                          	[PASS]
OS-WIN-A-4050. [필수] DNS동적 업데이트 설정                                       	[PASS]
OS-WIN-A-4060. [필수] DNS Zone Transfer 설정                                      	[PASS]
OS-WIN-A-4070. [권고] SNMP서비스 구동여부                                         	[PASS]
OS-WIN-A-4080. [권고] SNMP서비스 설정                                             	[PASS]
OS-WIN-A-4090. [권고] 보안정책 설정 (보안 채널 데이터를 디지털 암호화 또는 서명)  	[PASS]
OS-WIN-A-4100. [권고] LanManager인증 수준 설정                                    	[PASS]
OS-WIN-A-4110. [권고] 익명SID/이름변환 사용안함                                   	[PASS]
OS-WIN-A-4120. [선택] 일반사용자 프린터 드라이버 설치 금지                        	[PASS]
OS-WIN-A-4130. [필수] Telnet 서비스 보안 설정                                     	[PASS]
OS-WIN-A-4140. [필수] RDS(RemoteDataService)제거                                  	[PASS]
OS-WIN-A-4150. [권고] NetBIOS 바인딩 서비스 구동 점검                             	[Fail]

OS-WIN-A-5010. [권고] 로그오프나 워크스테이션 잠김                                	[PASS]
OS-WIN-A-5020. [필수] 마지막 로그온사용자 계정 숨김                               	[PASS]
OS-WIN-A-5030. [선택] 로그온 메세지 출력 진단                                     	[PASS]
OS-WIN-A-5040. [필수] 콘솔 로그온시 로컬계정 빈 암호 사용제한                     	[PASS]
OS-WIN-A-5050. [필수] Everyone사용권한을 익명사용자에게 적용안함                  	[PASS]
OS-WIN-A-5060. [필수] 시스템 종료 권한                                            	[Fail]
OS-WIN-A-5070. [필수] 보안감사를 로그할 수 없는경우 즉시 시스템종료 안함          	[PASS]
OS-WIN-A-5080. [필수] AutoLogon기능 제거                                          	[PASS]
OS-WIN-A-5090. [필수] 익명 연결(Null Session) 제한                                	[PASS]
OS-WIN-A-5100. [필수] Remote Registry 비활성화                                    	[Fail]
OS-WIN-A-5110. [필수] 로그온 하지않은 사용자 시스템 종료 방지                     	[PASS]
OS-WIN-A-5120. [필수] 로컬 로그온 허용                                            	[PASS]
OS-WIN-A-5130. [필수] 원격 시스템에서 강제로 시스템 종료                          	[PASS]
OS-WIN-A-5140. [필수] 30분 이상 미입력 시 자동 세션 종료                          	[PASS]

OS-WIN-A-6000. [권고] Internet Information Services                               	[PASS]
OS-WIN-A-6010. [선택] ISAPI DLL 보안 취약점                                       	[PASS]
OS-WIN-A-6020. [선택] WebDAV 비활성화                                             	[PASS]
OS-WIN-A-6030. [선택] IIS DB 연결 취약점                                          	[PASS]
OS-WIN-A-6040. [선택] 상위패스 기능 제거                                          	[PASS]
OS-WIN-A-6050. [선택] Exec 명령어 쉘호출 차단                                     	[PASS]
OS-WIN-A-6060. [선택] 사용하지 않는 확장자 매핑 제거                              	[PASS]
OS-WIN-A-6070. [선택] IIS CGI 실행 제한                                           	[PASS]
OS-WIN-A-6090. [선택] IIS Virtual Directory (디렉토리 alias) 사용금지             	[PASS]
OS-WIN-A-6100. [선택] IIS 파일 업로드 및 다운로드 제한                            	[PASS]
OS-WIN-A-6110. [선택] IIS 데이터 파일 ACL 적용                                    	[PASS]
OS-WIN-A-6120. [선택] IIS 가상 디렉토리 삭제                                      	[PASS]
OS-WIN-A-6130. [권고] IIS 웹서비스 정보 숨김                                      	[PASS]
OS-WIN-A-6140. [필수] IIS 디렉터리 리스팅 제거                                    	[PASS]

OS-WIN-A-7010. [필수] 보안 로그의 감사 기능 설정                                  	[PASS]
OS-WIN-A-7020. [필수] 원격 로그파일 접근 권한                                     	[PASS]
OS-WIN-A-7030. [필수] 이벤트 뷰어 설정                                            	[PASS]
OS-WIN-A-7040. [필수] NTP(시간동기화)적용여부                                     	[PASS]

OS-WIN-A-8010. [필수] 백신 프로그램 설치 및 최신 엔진 업데이트                    	[PASS]
OS-WIN-A-8020. [필수] 실시간 감시 실행여부                                        	[PASS]


-------------------------------------------------------------------------------

	   점검시간 : 20181005 08:20:55 ~ 2018.10.05 08:21:41

================================[점검결과 요약]================================
                     필수항목 적용율          37/41 = 90%
                     권고항목 적용율          15/16 = 93%
                     선택항목 적용율          13/13 = 100%
===============================================================================

    파일압축                                                        [압축성공] 
    파일전송                                                        [전송성공] 

********************************[취약점 리스트]********************************
OS-WIN-A-2030. [필수] 취약한 암호 사용중인 계정 존재                              	[PASS<미점검>]
 <미점검>"계정 잠금 임계값"이 설정 (설정값 : 5)
 실행>secpol.msc>"보안설정">"계정정책">"계정 잠금 정책">"계정 잠금 임계값"을 0으로 수정후 점검
  *주의:보안점검을 수행후 반드시 "계정정책"을 원래 설정으로 복구하여야 합니다.
  =============================================================================
[시스템 현황]
---------------------------------------------------------------------------------------------------------------------------------------------------------------------------------
계정명                   |사용여부       |계정만료일     |최근로그온     |암호변경일     |암호만료일     |그룹
---------------------------------------------------------------------------------------------------------------------------------------------------------------------------------
Acronis Agent User       |yes            |기한없음       |20180924       |638일전        |기한없음       |Administrators,Backup Operators,Acronis Remote Users
APA13634                 |yes            |기한없음       |20170106       |638일전        |20170404       |Administrators,Users,Acronis Remote Users
DB76720                  |yes            |기한없음       |아님           |514일전        |20170806       |Administrators,Users,Acronis Remote Users
Guest                    |no             |기한없음       |아님           |0일전          |기한없음       |Guests
jcpark                   |yes            |기한없음       |아님           |514일전        |20170806       |Users
lgitadmin                |yes            |기한없음       |20181002       |651일전        |20170322       |Administrators,Acronis Remote Users
---------------------------------------------------------------------------------------------------------------------------------------------------------------------------------
OS-WIN-A-2080. [필수] 암호 사용 기간 제한없음 제거                                	[PASS]
  사용자(Acronis Agent User)는 "암호 사용 기간 제한없음"정책 사용 중임(true Image 디폴트계정)
  =============================================================================
OS-WIN-A-3010. [필수] 파일 및 디렉토리보호 설정                                   	[PASS]
  <경고>64bit 윈도우 환경의 system32 폴더(%systemroot%\system32)는 실제 경로가 다를수 있으므로, 수동으로 확인이 필요함
  =============================================================================
OS-WIN-A-3020. [필수] SAM파일 접근통제 설정                                       	[PASS]
  <경고>64bit 윈도우 환경의 SAM 파일(%systemroot%\system32\config\sam)은 실제 경로가 다를수 있으므로, 수동으로 확인이 필요함
  =============================================================================
OS-WIN-A-3040. [필수] 하드 디스크 기본 공유 제거                                  	[Fail]
  하드디스크 자동공유가 설정됨[레지스트리값(HKEY_LOCAL_MACHINE\System\CurrentControlSet\Services\LanmanServer\Parameters\AutoShareServer) 없음]
  설정된 공유 폴더= C$
  설정된 공유 폴더= D$
  설정된 공유 폴더= Admin$
  =============================================================================
OS-WIN-A-3050. [필수] 공유 권한 및 사용자 그룹 설정                               	[Fail]
  설정된 공유폴더(D:\)의 파일 시스템(NTFS)
  (D:\)에 "Everyone"계정 권한이 존재함
  설정된 공유폴더(E:\)의 파일 시스템(NTFS)
  (E:\)에 "Everyone"계정 권한이 존재함
  설정된 공유폴더(F:\)의 파일 시스템(NTFS)
  (F:\)에 "Everyone"계정 권한이 존재함
  설정된 공유폴더(G:\)의 파일 시스템(NTFS)
  (G:\)에 "Everyone"계정 권한이 존재함
  설정된 공유폴더(I:\)의 파일 시스템(NTFS)
  (I:\)에 "Everyone"계정 권한이 존재함
  설정된 공유폴더(J:\)의 파일 시스템(NTFS)
  (J:\)에 "Everyone"계정 권한이 존재함
  설정된 공유폴더(K:\)의 파일 시스템(NTFS)
  (K:\)에 "Everyone"계정 권한이 존재함
  설정된 공유폴더(L:\)의 파일 시스템(NTFS)
  (L:\)에 "Everyone"계정 권한이 존재함
  설정된 공유폴더(M:\)의 파일 시스템(NTFS)
  (M:\)에 "Everyone"계정 권한이 존재함
  설정된 공유폴더(N:\)의 파일 시스템(NTFS)
  (N:\)에 "Everyone"계정 권한이 존재함
  설정된 공유폴더(Q:\)의 파일 시스템(NTFS)
  (Q:\)에 "Everyone"계정 권한이 존재함
  설정된 공유폴더(S:\)의 파일 시스템(NTFS)
  (S:\)에 "Everyone"계정 권한이 존재함
  설정된 공유폴더(T:\)의 파일 시스템(NTFS)
  (T:\)에 "Everyone"계정 권한이 존재함
  =============================================================================
OS-WIN-A-4150. [권고] NetBIOS 바인딩 서비스 구동 점검                             	[Fail]
  NIC(IBM USB Remote NDIS Network Device #2 {4807FE9B-B103-4E11-A0B8-5B898E8796B4})는 NetBios가 기본값으로 설정됨[NIC 상태=사용]
  NIC(Broadcom NetXtreme Gigabit Ethernet {E1937F4F-F582-45B0-A777-61B3A5FE0E2D})는 NetBios가 기본값으로 설정됨[NIC 상태=사용안함]
  NIC(Broadcom NetXtreme Gigabit Ethernet {C55D3AEE-D46D-42BB-8136-189F03CC8FE1})는 NetBios가 기본값으로 설정됨[NIC 상태=사용안함]
  NIC(Broadcom NetXtreme Gigabit Ethernet {8E62A933-A951-4F3B-8A6F-2034FBAC1A85})는 NetBios가 기본값으로 설정됨[NIC 상태=사용안함]
  NIC(Intel(R) Ethernet Server Adapter I350-T2 {FA72991C-6BEF-46AD-89B4-2C41E5CE218B})는 NetBios가 기본값으로 설정됨[NIC 상태=사용안함]
  NIC(IBM USB Remote NDIS Network Device {6C2DC199-30FE-4824-BEFC-0EF3D76C37DF})는 NetBios가 기본값으로 설정됨[NIC 상태=사용안함]
  NIC(Intel(R) Ethernet Server Adapter I350-T2 {4971826F-86BC-4E91-91BF-F47A41FB3EE0})는 NetBios가 기본값으로 설정됨[NIC 상태=사용안함]
  NIC(IBM USB Remote NDIS Network Device {CDF8AB6F-A07E-4077-919B-91C77B6BCF68})는 NetBios가 기본값으로 설정됨[NIC 상태=사용안함]
  NIC(Intel(R) Ethernet Server Adapter I350-T2 {B3582494-28BB-4738-9E80-70D09677842A})는 NetBios가 기본값으로 설정됨[NIC 상태=사용안함]
  NIC(Intel(R) Ethernet Server Adapter I350-T2 {4CAB08C8-758D-4F8F-8951-44E72EC68BEC})는 NetBios가 기본값으로 설정됨[NIC 상태=사용안함]
  =============================================================================
OS-WIN-A-5060. [필수] 시스템 종료 권한                                            	[Fail]
  시스템 종료 권한(SID) = Global groups(*S-1-5-21-1677604759-1406647836-2468301749-500)
  설정 변경후 적용시 시스템 재부팅 필요
  =============================================================================
OS-WIN-A-5100. [필수] Remote Registry 비활성화                                    	[Fail]
  레지스트리 보호 진단 서비스("Remote Registry") 활성화 상태
  =============================================================================
OS-WIN-A-8010. [필수] 백신 프로그램 설치 및 최신 엔진 업데이트                    	[PASS<미점검>]
  "AhnLab V3 Net for Windows Server 9.0"의 최신업데이트 정보를 가져 오지 못하였음
  수동점검 하시기 바람
  =============================================================================

"ism_windows" 의 사용기간 87일 남았습니다.

********************************* user list (not locked user) *********************************
-----------------------------------------------------------------------------------------------
name;home;description;logintime_get(Y/N);last_logintime;last_loginhost;last_password_changedate
-----------------------------------------------------------------------------------------------
Acronis Agent User;C:\Users\Acronis Agent User;;Y;20180924 09:38:38;;20170104 15:01:53
APA13634;C:\Users\APA13634;SE 김상환K;Y;20170106 12:07:23;;20170104 11:06:57
DB76720;C:\Users\DB76720;DBA 박지연D;Y;;;20170508 11:17:53
jcpark;C:\Users\jcpark;Admin_jcpark;Y;;;20170508 13:54:49
lgitadmin;C:\Users\lgitadmin;컴퓨터/도메인을 관리하도록 기본 제공된 계정;Y;20181003 08:39:27;;20161222 10:16:22
***********************************************************************************************


************************************* User not logged in **************************************
-----------------------------------------------------------------------------------------------
name;home;description;logintime_get(Y/N);last_logintime;last_loginhost;last_password_changedate
-----------------------------------------------------------------------------------------------
Guest;C:\Users\Guest;게스트가 컴퓨터/도메인을 액세스하도록 기본 제공된 계정;Y;;;
***********************************************************************************************


****************************** User unused for more than 90 days ******************************
-----------------------------------------------------------------------------------------------
name;home;description;logintime_get(Y/N);last_logintime;last_loginhost;last_password_changedate
-----------------------------------------------------------------------------------------------
APA13634;C:\Users\APA13634;SE 김상환K;Y;20170106 12:07:23;;20170104 11:06:57
DB76720;C:\Users\DB76720;DBA 박지연D;Y;;;20170508 11:17:53
Guest;C:\Users\Guest;게스트가 컴퓨터/도메인을 액세스하도록 기본 제공된 계정;Y;;;
jcpark;C:\Users\jcpark;Admin_jcpark;Y;;;20170508 13:54:49
***********************************************************************************************


RESULT: hostname=LITDECM04GMP send=SUCCESS start_time=20181005082055 end_time=20181005082141